<?xml version="1.0" encoding="UTF-8"?>
<testng-results ignored="0" total="1" passed="1" failed="0" skipped="0">
  <reporter-output>
  </reporter-output>
  <suite started-at="2021-08-07T19:43:58 IST" name="Default suite" finished-at="2021-08-07T19:44:11 IST" duration-ms="13044">
    <groups>
      <group name="cucumber">
        <method signature="AbstractTestNGCucumberTests.feature(cucumber.api.testng.CucumberFeatureWrapper)[pri:0, instance:com.krishna.runner.TestRunner@713ec32d]" name="feature" class="cucumber.api.testng.AbstractTestNGCucumberTests"/>
      </group> <!-- cucumber -->
    </groups>
    <test started-at="2021-08-07T19:43:58 IST" name="Default test" finished-at="2021-08-07T19:44:11 IST" duration-ms="13044">
      <class name="com.krishna.runner.TestRunner">
        <test-method is-config="true" signature="setUpClass()[pri:0, instance:com.krishna.runner.TestRunner@713ec32d]" started-at="2021-08-07T19:43:58 IST" name="setUpClass" finished-at="2021-08-07T19:43:58 IST" duration-ms="347" status="PASS">
          <reporter-output>
          </reporter-output>
        </test-method> <!-- setUpClass -->
        <test-method signature="feature(cucumber.api.testng.CucumberFeatureWrapper)[pri:0, instance:com.krishna.runner.TestRunner@713ec32d]" started-at="2021-08-07T19:43:58 IST" name="feature" description="Runs Cucumber Feature" data-provider="features" finished-at="2021-08-07T19:44:11 IST" duration-ms="12523" status="PASS">
          <params>
            <param index="0">
              <value>
                <![CDATA[Registration and login is successful]]>
              </value>
            </param>
          </params>
          <reporter-output>
          </reporter-output>
        </test-method> <!-- feature -->
        <test-method is-config="true" signature="tearDownClass()[pri:0, instance:com.krishna.runner.TestRunner@713ec32d]" started-at="2021-08-07T19:44:11 IST" name="tearDownClass" finished-at="2021-08-07T19:44:11 IST" duration-ms="4" status="PASS">
          <reporter-output>
          </reporter-output>
        </test-method> <!-- tearDownClass -->
      </class> <!-- com.krishna.runner.TestRunner -->
    </test> <!-- Default test -->
  </suite> <!-- Default suite -->
</testng-results>
